2025-06-08 00:00:03 [pool-1-thread-1] INFO  i.s.t.t.k.s.l.TwitterKafkaStatusListener - Twitter status with text Lorem Maecenas Lorem elit massa magna Kafka sed Lorem sed Maecenas
2025-06-08 00:00:13 [pool-1-thread-1] INFO  i.s.t.t.k.s.l.TwitterKafkaStatusListener - Twitter status with text adipiscing sed porttitor dolor adipiscing Maecenas ultricies Microservices magna malesuada adipiscing massa amet
2025-06-08 00:00:23 [pool-1-thread-1] INFO  i.s.t.t.k.s.l.TwitterKafkaStatusListener - Twitter status with text libero Maecenas pulvinar Java ipsum elit
2025-06-08 00:00:33 [pool-1-thread-1] INFO  i.s.t.t.k.s.l.TwitterKafkaStatusListener - Twitter status with text Maecenas ultricies magna congue Kafka magna malesuada
2025-06-08 00:00:43 [pool-1-thread-1] INFO  i.s.t.t.k.s.l.TwitterKafkaStatusListener - Twitter status with text malesuada ultricies ipsum Lorem Elasticsearch lectus elit
2025-06-08 00:00:53 [pool-1-thread-1] INFO  i.s.t.t.k.s.l.TwitterKafkaStatusListener - Twitter status with text ipsum ultricies sed Maecenas Lorem Maecenas amet posuere Microservices elit ipsum ipsum Lorem Fusce malesuada
2025-06-08 00:01:03 [pool-1-thread-1] INFO  i.s.t.t.k.s.l.TwitterKafkaStatusListener - Twitter status with text ultricies ipsum ipsum Maecenas Elasticsearch libero libero purus
2025-06-08 00:01:13 [pool-1-thread-1] INFO  i.s.t.t.k.s.l.TwitterKafkaStatusListener - Twitter status with text elit massa libero elit Kafka sit magna
2025-06-08 00:01:23 [pool-1-thread-1] INFO  i.s.t.t.k.s.l.TwitterKafkaStatusListener - Twitter status with text congue libero Lorem Maecenas Lorem malesuada Kafka sit amet porttitor malesuada
2025-06-08 00:01:33 [pool-1-thread-1] INFO  i.s.t.t.k.s.l.TwitterKafkaStatusListener - Twitter status with text Lorem posuere elit porttitor Elasticsearch pulvinar dolor
2025-06-08 00:01:43 [pool-1-thread-1] INFO  i.s.t.t.k.s.l.TwitterKafkaStatusListener - Twitter status with text congue pulvinar dolor sed adipiscing elit malesuada Microservices porttitor sed congue sit Fusce
2025-06-08 00:01:53 [pool-1-thread-1] INFO  i.s.t.t.k.s.l.TwitterKafkaStatusListener - Twitter status with text Lorem porttitor lectus malesuada malesuada magna Maecenas magna Kafka libero dolor elit congue sed Fusce massa
2025-06-08 00:02:03 [pool-1-thread-1] INFO  i.s.t.t.k.s.l.TwitterKafkaStatusListener - Twitter status with text posuere Maecenas malesuada massa ipsum amet sed Lorem Java amet ultricies sed ultricies ultricies lectus
2025-06-08 00:02:13 [pool-1-thread-1] INFO  i.s.t.t.k.s.l.TwitterKafkaStatusListener - Twitter status with text ipsum ipsum porttitor consectetuer malesuada posuere Elasticsearch ipsum purus Lorem malesuada libero
2025-06-08 00:02:23 [pool-1-thread-1] INFO  i.s.t.t.k.s.l.TwitterKafkaStatusListener - Twitter status with text congue purus sed sit ipsum Kafka sit libero amet
2025-06-08 00:02:33 [pool-1-thread-1] INFO  i.s.t.t.k.s.l.TwitterKafkaStatusListener - Twitter status with text ipsum adipiscing massa dolor ipsum magna massa Microservices sit amet magna pulvinar ultricies posuere
2025-06-08 00:02:43 [pool-1-thread-1] INFO  i.s.t.t.k.s.l.TwitterKafkaStatusListener - Twitter status with text porttitor malesuada sed consectetuer pulvinar pulvinar sed malesuada Elasticsearch malesuada amet congue congue magna posuere
2025-06-08 00:02:53 [pool-1-thread-1] INFO  i.s.t.t.k.s.l.TwitterKafkaStatusListener - Twitter status with text ultricies Maecenas adipiscing Fusce purus Elasticsearch Maecenas malesuada purus massa
2025-06-08 00:03:03 [pool-1-thread-1] INFO  i.s.t.t.k.s.l.TwitterKafkaStatusListener - Twitter status with text elit pulvinar dolor Elasticsearch massa massa
2025-06-08 00:03:13 [pool-1-thread-1] INFO  i.s.t.t.k.s.l.TwitterKafkaStatusListener - Twitter status with text sit malesuada Maecenas sed amet Fusce malesuada ipsum Elasticsearch dolor lectus porttitor libero amet sit Fusce
2025-06-08 00:03:23 [pool-1-thread-1] INFO  i.s.t.t.k.s.l.TwitterKafkaStatusListener - Twitter status with text purus adipiscing consectetuer massa Maecenas dolor Kafka posuere ipsum Lorem elit porttitor
2025-06-08 00:03:33 [pool-1-thread-1] INFO  i.s.t.t.k.s.l.TwitterKafkaStatusListener - Twitter status with text ultricies posuere amet libero adipiscing ultricies ultricies pulvinar Java ultricies Maecenas posuere sed adipiscing porttitor
2025-06-08 00:03:43 [pool-1-thread-1] INFO  i.s.t.t.k.s.l.TwitterKafkaStatusListener - Twitter status with text lectus magna magna congue posuere consectetuer Kafka libero Maecenas dolor posuere
2025-06-08 00:03:53 [pool-1-thread-1] INFO  i.s.t.t.k.s.l.TwitterKafkaStatusListener - Twitter status with text pulvinar Fusce magna pulvinar magna magna ultricies Java Fusce pulvinar Lorem magna sed
2025-06-08 00:04:03 [pool-1-thread-1] INFO  i.s.t.t.k.s.l.TwitterKafkaStatusListener - Twitter status with text ipsum pulvinar sed consectetuer Maecenas Elasticsearch Fusce libero massa purus
2025-06-08 00:04:13 [pool-1-thread-1] INFO  i.s.t.t.k.s.l.TwitterKafkaStatusListener - Twitter status with text massa Lorem malesuada Maecenas ipsum consectetuer Microservices ipsum consectetuer magna amet dolor
2025-06-08 00:04:23 [pool-1-thread-1] INFO  i.s.t.t.k.s.l.TwitterKafkaStatusListener - Twitter status with text adipiscing lectus ultricies adipiscing lectus Kafka porttitor pulvinar ipsum dolor
2025-06-08 00:04:33 [pool-1-thread-1] INFO  i.s.t.t.k.s.l.TwitterKafkaStatusListener - Twitter status with text dolor Fusce magna purus magna libero posuere amet Kafka porttitor elit posuere purus ipsum pulvinar ultricies
2025-06-08 00:04:43 [pool-1-thread-1] INFO  i.s.t.t.k.s.l.TwitterKafkaStatusListener - Twitter status with text porttitor Fusce pulvinar adipiscing malesuada sit posuere Elasticsearch Lorem Lorem magna Lorem massa
2025-06-08 00:04:53 [pool-1-thread-1] INFO  i.s.t.t.k.s.l.TwitterKafkaStatusListener - Twitter status with text ultricies ultricies adipiscing porttitor malesuada dolor amet Elasticsearch dolor purus congue lectus massa malesuada
2025-06-08 00:05:03 [pool-1-thread-1] INFO  i.s.t.t.k.s.l.TwitterKafkaStatusListener - Twitter status with text porttitor ultricies sed sed Microservices massa posuere
2025-06-08 00:05:13 [pool-1-thread-1] INFO  i.s.t.t.k.s.l.TwitterKafkaStatusListener - Twitter status with text congue ipsum purus congue elit porttitor lectus Elasticsearch adipiscing massa dolor magna Fusce
2025-06-08 00:05:23 [pool-1-thread-1] INFO  i.s.t.t.k.s.l.TwitterKafkaStatusListener - Twitter status with text libero Maecenas porttitor libero magna massa Elasticsearch adipiscing Maecenas sed Fusce
2025-06-08 00:05:33 [pool-1-thread-1] INFO  i.s.t.t.k.s.l.TwitterKafkaStatusListener - Twitter status with text ultricies libero purus elit porttitor Maecenas massa Elasticsearch amet Lorem malesuada purus consectetuer magna
2025-06-08 00:05:43 [pool-1-thread-1] INFO  i.s.t.t.k.s.l.TwitterKafkaStatusListener - Twitter status with text massa ultricies magna lectus ultricies purus dolor Java adipiscing amet congue dolor Fusce elit
2025-06-08 00:05:53 [pool-1-thread-1] INFO  i.s.t.t.k.s.l.TwitterKafkaStatusListener - Twitter status with text dolor purus amet Fusce magna Elasticsearch sit elit Lorem pulvinar
2025-06-08 00:06:03 [pool-1-thread-1] INFO  i.s.t.t.k.s.l.TwitterKafkaStatusListener - Twitter status with text amet libero Lorem Maecenas consectetuer posuere Kafka libero lectus sed lectus
2025-06-08 00:06:13 [pool-1-thread-1] INFO  i.s.t.t.k.s.l.TwitterKafkaStatusListener - Twitter status with text consectetuer sed Maecenas Java Maecenas porttitor
2025-06-08 00:06:23 [pool-1-thread-1] INFO  i.s.t.t.k.s.l.TwitterKafkaStatusListener - Twitter status with text Fusce congue dolor congue malesuada congue Java porttitor massa lectus amet congue
2025-06-08 00:06:33 [pool-1-thread-1] INFO  i.s.t.t.k.s.l.TwitterKafkaStatusListener - Twitter status with text magna malesuada lectus amet congue Maecenas porttitor dolor Elasticsearch magna ipsum sit malesuada sed Fusce
2025-06-08 00:06:43 [pool-1-thread-1] INFO  i.s.t.t.k.s.l.TwitterKafkaStatusListener - Twitter status with text malesuada porttitor lectus porttitor malesuada libero Microservices posuere pulvinar sit posuere
2025-06-08 00:06:53 [pool-1-thread-1] INFO  i.s.t.t.k.s.l.TwitterKafkaStatusListener - Twitter status with text congue dolor malesuada dolor posuere Maecenas posuere Kafka ultricies magna consectetuer amet porttitor
2025-06-08 00:07:03 [pool-1-thread-1] INFO  i.s.t.t.k.s.l.TwitterKafkaStatusListener - Twitter status with text adipiscing amet consectetuer amet sed adipiscing congue Kafka Maecenas massa dolor porttitor amet sit
2025-06-08 00:07:13 [pool-1-thread-1] INFO  i.s.t.t.k.s.l.TwitterKafkaStatusListener - Twitter status with text amet ipsum amet elit lectus ultricies Kafka dolor posuere magna posuere lectus
2025-06-08 00:07:23 [pool-1-thread-1] INFO  i.s.t.t.k.s.l.TwitterKafkaStatusListener - Twitter status with text massa libero congue ipsum amet Fusce amet sit Microservices porttitor ipsum congue Fusce Maecenas congue pulvinar
2025-06-08 00:07:33 [pool-1-thread-1] INFO  i.s.t.t.k.s.l.TwitterKafkaStatusListener - Twitter status with text dolor Fusce purus massa sed Elasticsearch libero Lorem ipsum sed
2025-06-08 00:07:43 [pool-1-thread-1] INFO  i.s.t.t.k.s.l.TwitterKafkaStatusListener - Twitter status with text Fusce ipsum massa magna massa adipiscing Elasticsearch malesuada purus congue pulvinar
2025-06-08 00:07:53 [pool-1-thread-1] INFO  i.s.t.t.k.s.l.TwitterKafkaStatusListener - Twitter status with text porttitor malesuada sed purus sed purus ipsum elit Microservices Lorem posuere purus dolor congue amet
2025-06-08 00:08:03 [pool-1-thread-1] INFO  i.s.t.t.k.s.l.TwitterKafkaStatusListener - Twitter status with text congue sit Lorem sed lectus amet posuere adipiscing Java consectetuer porttitor consectetuer elit massa purus
2025-06-08 00:08:13 [pool-1-thread-1] INFO  i.s.t.t.k.s.l.TwitterKafkaStatusListener - Twitter status with text porttitor sit magna posuere consectetuer sit dolor Kafka adipiscing adipiscing elit ipsum dolor
2025-06-08 00:08:23 [pool-1-thread-1] INFO  i.s.t.t.k.s.l.TwitterKafkaStatusListener - Twitter status with text libero pulvinar congue amet porttitor Elasticsearch amet amet purus
2025-06-08 00:08:33 [pool-1-thread-1] INFO  i.s.t.t.k.s.l.TwitterKafkaStatusListener - Twitter status with text purus Lorem ipsum amet lectus pulvinar ultricies Elasticsearch amet amet consectetuer sed Fusce
2025-06-08 00:08:43 [pool-1-thread-1] INFO  i.s.t.t.k.s.l.TwitterKafkaStatusListener - Twitter status with text sit ipsum dolor Maecenas elit sed pulvinar Lorem Kafka magna consectetuer amet lectus Fusce sed dolor
2025-06-08 00:08:53 [pool-1-thread-1] INFO  i.s.t.t.k.s.l.TwitterKafkaStatusListener - Twitter status with text pulvinar adipiscing consectetuer posuere dolor malesuada Microservices sed elit pulvinar magna malesuada
2025-06-08 00:09:03 [pool-1-thread-1] INFO  i.s.t.t.k.s.l.TwitterKafkaStatusListener - Twitter status with text Fusce sed malesuada malesuada ipsum Maecenas magna Elasticsearch consectetuer posuere pulvinar adipiscing purus consectetuer
2025-06-08 00:09:13 [pool-1-thread-1] INFO  i.s.t.t.k.s.l.TwitterKafkaStatusListener - Twitter status with text Lorem ipsum ultricies adipiscing malesuada Maecenas Microservices posuere consectetuer posuere elit pulvinar
2025-06-08 00:09:23 [pool-1-thread-1] INFO  i.s.t.t.k.s.l.TwitterKafkaStatusListener - Twitter status with text Maecenas sit purus sed libero ipsum malesuada magna Microservices sit libero dolor ultricies Maecenas porttitor
2025-06-08 00:09:33 [pool-1-thread-1] INFO  i.s.t.t.k.s.l.TwitterKafkaStatusListener - Twitter status with text Fusce dolor ultricies sit Maecenas porttitor libero pulvinar Java pulvinar porttitor magna sit Fusce elit
2025-06-08 00:09:43 [pool-1-thread-1] INFO  i.s.t.t.k.s.l.TwitterKafkaStatusListener - Twitter status with text consectetuer adipiscing pulvinar posuere purus Fusce Fusce Microservices sit magna libero consectetuer lectus pulvinar
2025-06-08 00:09:53 [pool-1-thread-1] INFO  i.s.t.t.k.s.l.TwitterKafkaStatusListener - Twitter status with text ultricies purus porttitor lectus porttitor Kafka Lorem libero sit
2025-06-08 00:10:03 [pool-1-thread-1] INFO  i.s.t.t.k.s.l.TwitterKafkaStatusListener - Twitter status with text elit ultricies porttitor purus Fusce Lorem libero Java adipiscing malesuada purus porttitor libero
2025-06-08 00:10:13 [pool-1-thread-1] INFO  i.s.t.t.k.s.l.TwitterKafkaStatusListener - Twitter status with text consectetuer consectetuer sit sed amet lectus Elasticsearch sit porttitor sit Maecenas Fusce
2025-06-08 00:10:23 [pool-1-thread-1] INFO  i.s.t.t.k.s.l.TwitterKafkaStatusListener - Twitter status with text congue libero libero libero Kafka Maecenas ultricies
2025-06-08 00:10:33 [pool-1-thread-1] INFO  i.s.t.t.k.s.l.TwitterKafkaStatusListener - Twitter status with text Maecenas Maecenas malesuada Elasticsearch sed consectetuer
2025-06-08 00:10:43 [pool-1-thread-1] INFO  i.s.t.t.k.s.l.TwitterKafkaStatusListener - Twitter status with text sit lectus sit massa Java congue ultricies
2025-06-08 00:10:53 [pool-1-thread-1] INFO  i.s.t.t.k.s.l.TwitterKafkaStatusListener - Twitter status with text posuere massa Fusce congue malesuada posuere ipsum Kafka ultricies pulvinar Lorem porttitor malesuada pulvinar
2025-06-08 00:11:03 [pool-1-thread-1] INFO  i.s.t.t.k.s.l.TwitterKafkaStatusListener - Twitter status with text ultricies ultricies elit ultricies Microservices porttitor magna
2025-06-08 00:11:13 [pool-1-thread-1] INFO  i.s.t.t.k.s.l.TwitterKafkaStatusListener - Twitter status with text malesuada lectus adipiscing massa Lorem ipsum sit Java sed Lorem massa magna sit purus
2025-06-08 00:11:23 [pool-1-thread-1] INFO  i.s.t.t.k.s.l.TwitterKafkaStatusListener - Twitter status with text Fusce Maecenas sed sit posuere dolor elit elit Kafka magna dolor Lorem consectetuer Fusce sed
2025-06-08 00:11:33 [pool-1-thread-1] INFO  i.s.t.t.k.s.l.TwitterKafkaStatusListener - Twitter status with text consectetuer ipsum consectetuer consectetuer Kafka consectetuer dolor amet
2025-06-08 00:11:43 [pool-1-thread-1] INFO  i.s.t.t.k.s.l.TwitterKafkaStatusListener - Twitter status with text posuere Fusce pulvinar Fusce pulvinar Microservices posuere Fusce libero
2025-06-08 00:11:53 [pool-1-thread-1] INFO  i.s.t.t.k.s.l.TwitterKafkaStatusListener - Twitter status with text Maecenas ultricies massa sit dolor porttitor Java Maecenas massa sed posuere
2025-06-08 00:12:03 [pool-1-thread-1] INFO  i.s.t.t.k.s.l.TwitterKafkaStatusListener - Twitter status with text purus libero porttitor consectetuer Java magna elit dolor
2025-06-08 00:12:13 [pool-1-thread-1] INFO  i.s.t.t.k.s.l.TwitterKafkaStatusListener - Twitter status with text pulvinar ultricies lectus malesuada massa Elasticsearch elit Lorem porttitor
2025-06-08 00:12:23 [pool-1-thread-1] INFO  i.s.t.t.k.s.l.TwitterKafkaStatusListener - Twitter status with text Fusce ipsum purus Lorem sed dolor posuere Microservices malesuada libero adipiscing sit sit
2025-06-08 00:12:33 [pool-1-thread-1] INFO  i.s.t.t.k.s.l.TwitterKafkaStatusListener - Twitter status with text massa purus libero ultricies elit Fusce Maecenas Microservices Maecenas lectus adipiscing adipiscing sit
2025-06-08 00:12:43 [pool-1-thread-1] INFO  i.s.t.t.k.s.l.TwitterKafkaStatusListener - Twitter status with text congue Lorem elit adipiscing massa Elasticsearch porttitor sit adipiscing malesuada
2025-06-08 00:12:53 [pool-1-thread-1] INFO  i.s.t.t.k.s.l.TwitterKafkaStatusListener - Twitter status with text purus adipiscing Lorem porttitor sit massa Lorem Java amet consectetuer Lorem pulvinar adipiscing
2025-06-08 00:13:03 [pool-1-thread-1] INFO  i.s.t.t.k.s.l.TwitterKafkaStatusListener - Twitter status with text Fusce Maecenas consectetuer lectus Fusce sed ipsum Java amet Maecenas adipiscing sed elit
2025-06-08 00:13:13 [pool-1-thread-1] INFO  i.s.t.t.k.s.l.TwitterKafkaStatusListener - Twitter status with text porttitor magna ultricies sit posuere posuere lectus consectetuer Microservices massa porttitor massa massa Maecenas ultricies malesuada
2025-06-08 00:13:23 [pool-1-thread-1] INFO  i.s.t.t.k.s.l.TwitterKafkaStatusListener - Twitter status with text posuere sed Maecenas sed adipiscing massa Elasticsearch lectus sed posuere malesuada Fusce
2025-06-08 00:13:33 [pool-1-thread-1] INFO  i.s.t.t.k.s.l.TwitterKafkaStatusListener - Twitter status with text consectetuer malesuada porttitor consectetuer Fusce Microservices congue Fusce pulvinar pulvinar
2025-06-08 00:13:43 [pool-1-thread-1] INFO  i.s.t.t.k.s.l.TwitterKafkaStatusListener - Twitter status with text lectus Fusce ultricies lectus magna Microservices libero porttitor posuere
2025-06-08 00:13:53 [pool-1-thread-1] INFO  i.s.t.t.k.s.l.TwitterKafkaStatusListener - Twitter status with text amet malesuada massa libero Microservices Maecenas malesuada Lorem
2025-06-08 00:14:03 [pool-1-thread-1] INFO  i.s.t.t.k.s.l.TwitterKafkaStatusListener - Twitter status with text purus massa posuere pulvinar posuere congue consectetuer Java elit pulvinar massa ipsum posuere amet
2025-06-08 00:14:13 [pool-1-thread-1] INFO  i.s.t.t.k.s.l.TwitterKafkaStatusListener - Twitter status with text lectus massa libero Kafka pulvinar Maecenas
2025-06-08 00:14:23 [pool-1-thread-1] INFO  i.s.t.t.k.s.l.TwitterKafkaStatusListener - Twitter status with text elit elit ultricies congue Maecenas ipsum dolor Kafka amet amet Lorem pulvinar dolor
2025-06-08 00:14:33 [pool-1-thread-1] INFO  i.s.t.t.k.s.l.TwitterKafkaStatusListener - Twitter status with text Lorem consectetuer libero sed malesuada porttitor amet Java pulvinar consectetuer sed malesuada elit
2025-06-08 00:14:43 [pool-1-thread-1] INFO  i.s.t.t.k.s.l.TwitterKafkaStatusListener - Twitter status with text malesuada ipsum massa sed Fusce posuere sed Elasticsearch congue malesuada Lorem lectus Maecenas
2025-06-08 00:14:53 [pool-1-thread-1] INFO  i.s.t.t.k.s.l.TwitterKafkaStatusListener - Twitter status with text sit Fusce libero Microservices pulvinar congue
2025-06-08 00:15:03 [pool-1-thread-1] INFO  i.s.t.t.k.s.l.TwitterKafkaStatusListener - Twitter status with text Fusce libero sed porttitor elit Lorem Fusce Kafka dolor posuere massa posuere amet
2025-06-08 00:15:13 [pool-1-thread-1] INFO  i.s.t.t.k.s.l.TwitterKafkaStatusListener - Twitter status with text Maecenas elit elit Elasticsearch pulvinar consectetuer
2025-06-08 00:15:23 [pool-1-thread-1] INFO  i.s.t.t.k.s.l.TwitterKafkaStatusListener - Twitter status with text consectetuer magna sit Maecenas dolor elit pulvinar posuere Kafka lectus lectus pulvinar ipsum Lorem dolor pulvinar
2025-06-08 00:15:33 [pool-1-thread-1] INFO  i.s.t.t.k.s.l.TwitterKafkaStatusListener - Twitter status with text Lorem elit lectus Microservices adipiscing amet
2025-06-08 00:15:43 [pool-1-thread-1] INFO  i.s.t.t.k.s.l.TwitterKafkaStatusListener - Twitter status with text consectetuer purus elit porttitor Lorem Maecenas massa sed Elasticsearch congue congue Fusce libero Fusce porttitor dolor
2025-06-08 00:15:53 [pool-1-thread-1] INFO  i.s.t.t.k.s.l.TwitterKafkaStatusListener - Twitter status with text consectetuer Maecenas ultricies Fusce Kafka ipsum Lorem amet
2025-06-08 00:16:03 [pool-1-thread-1] INFO  i.s.t.t.k.s.l.TwitterKafkaStatusListener - Twitter status with text elit pulvinar adipiscing amet consectetuer Elasticsearch consectetuer pulvinar libero
2025-06-08 00:16:13 [pool-1-thread-1] INFO  i.s.t.t.k.s.l.TwitterKafkaStatusListener - Twitter status with text magna congue magna libero lectus lectus magna Microservices ipsum libero Maecenas Fusce purus
2025-06-08 00:16:23 [pool-1-thread-1] INFO  i.s.t.t.k.s.l.TwitterKafkaStatusListener - Twitter status with text Lorem ipsum dolor dolor dolor congue ultricies Fusce Elasticsearch massa ultricies elit ultricies Maecenas libero magna
2025-06-08 00:16:33 [pool-1-thread-1] INFO  i.s.t.t.k.s.l.TwitterKafkaStatusListener - Twitter status with text consectetuer congue magna dolor Kafka Fusce elit
2025-06-08 00:16:43 [pool-1-thread-1] INFO  i.s.t.t.k.s.l.TwitterKafkaStatusListener - Twitter status with text ultricies Maecenas Maecenas purus libero Maecenas Elasticsearch posuere massa elit libero libero
2025-06-08 00:16:53 [pool-1-thread-1] INFO  i.s.t.t.k.s.l.TwitterKafkaStatusListener - Twitter status with text sit ultricies consectetuer purus sed elit Java libero ultricies consectetuer elit dolor
2025-06-08 00:17:03 [pool-1-thread-1] INFO  i.s.t.t.k.s.l.TwitterKafkaStatusListener - Twitter status with text pulvinar consectetuer Lorem porttitor dolor sit porttitor Fusce Microservices ipsum Lorem Fusce Lorem lectus porttitor amet
2025-06-08 00:17:13 [pool-1-thread-1] INFO  i.s.t.t.k.s.l.TwitterKafkaStatusListener - Twitter status with text Fusce dolor libero malesuada elit sit Kafka sed posuere sit pulvinar massa
2025-06-08 00:17:23 [pool-1-thread-1] INFO  i.s.t.t.k.s.l.TwitterKafkaStatusListener - Twitter status with text libero Fusce porttitor consectetuer magna Fusce magna Lorem Elasticsearch pulvinar Maecenas dolor lectus porttitor malesuada
2025-06-08 00:17:33 [pool-1-thread-1] INFO  i.s.t.t.k.s.l.TwitterKafkaStatusListener - Twitter status with text amet Maecenas purus elit Java posuere lectus
2025-06-08 00:17:43 [pool-1-thread-1] INFO  i.s.t.t.k.s.l.TwitterKafkaStatusListener - Twitter status with text pulvinar purus lectus magna ipsum consectetuer consectetuer Java adipiscing posuere consectetuer dolor adipiscing
2025-06-08 00:17:53 [pool-1-thread-1] INFO  i.s.t.t.k.s.l.TwitterKafkaStatusListener - Twitter status with text libero magna purus Elasticsearch magna sit
2025-06-08 00:18:03 [pool-1-thread-1] INFO  i.s.t.t.k.s.l.TwitterKafkaStatusListener - Twitter status with text magna sit ipsum sed posuere congue Kafka posuere pulvinar massa purus
2025-06-08 00:18:13 [pool-1-thread-1] INFO  i.s.t.t.k.s.l.TwitterKafkaStatusListener - Twitter status with text consectetuer consectetuer pulvinar consectetuer lectus Fusce Microservices massa adipiscing sit sit Fusce
2025-06-08 00:18:23 [pool-1-thread-1] INFO  i.s.t.t.k.s.l.TwitterKafkaStatusListener - Twitter status with text ultricies posuere ipsum posuere pulvinar elit sit ipsum Java porttitor posuere dolor adipiscing pulvinar Lorem
2025-06-08 00:18:33 [pool-1-thread-1] INFO  i.s.t.t.k.s.l.TwitterKafkaStatusListener - Twitter status with text porttitor consectetuer purus magna posuere elit dolor purus Kafka Fusce Maecenas consectetuer porttitor Fusce amet
2025-06-08 00:18:43 [pool-1-thread-1] INFO  i.s.t.t.k.s.l.TwitterKafkaStatusListener - Twitter status with text posuere congue dolor ultricies congue Fusce Kafka adipiscing ultricies sit massa massa
2025-06-08 00:18:53 [pool-1-thread-1] INFO  i.s.t.t.k.s.l.TwitterKafkaStatusListener - Twitter status with text sit ultricies ultricies sit sit ultricies malesuada Elasticsearch sit sit Lorem massa sit
2025-06-08 00:19:03 [pool-1-thread-1] INFO  i.s.t.t.k.s.l.TwitterKafkaStatusListener - Twitter status with text Fusce porttitor adipiscing dolor Elasticsearch ipsum porttitor massa
2025-06-08 00:19:13 [pool-1-thread-1] INFO  i.s.t.t.k.s.l.TwitterKafkaStatusListener - Twitter status with text pulvinar Fusce massa magna Kafka elit massa congue
2025-06-08 00:19:23 [pool-1-thread-1] INFO  i.s.t.t.k.s.l.TwitterKafkaStatusListener - Twitter status with text Lorem pulvinar adipiscing Maecenas ultricies Microservices pulvinar purus congue posuere
2025-06-08 00:19:33 [pool-1-thread-1] INFO  i.s.t.t.k.s.l.TwitterKafkaStatusListener - Twitter status with text malesuada massa consectetuer Java sit porttitor
2025-06-08 00:19:43 [pool-1-thread-1] INFO  i.s.t.t.k.s.l.TwitterKafkaStatusListener - Twitter status with text consectetuer ipsum magna malesuada consectetuer malesuada sed Microservices adipiscing Fusce purus congue congue lectus
2025-06-08 00:19:53 [pool-1-thread-1] INFO  i.s.t.t.k.s.l.TwitterKafkaStatusListener - Twitter status with text massa malesuada sed dolor ultricies Elasticsearch libero Fusce ultricies
2025-06-08 00:20:03 [pool-1-thread-1] INFO  i.s.t.t.k.s.l.TwitterKafkaStatusListener - Twitter status with text ultricies Fusce Maecenas sit Elasticsearch pulvinar ultricies Fusce
2025-06-08 00:20:13 [pool-1-thread-1] INFO  i.s.t.t.k.s.l.TwitterKafkaStatusListener - Twitter status with text Maecenas sed sit adipiscing porttitor malesuada Fusce dolor Elasticsearch magna posuere sit porttitor Lorem adipiscing
2025-06-08 00:20:23 [pool-1-thread-1] INFO  i.s.t.t.k.s.l.TwitterKafkaStatusListener - Twitter status with text posuere amet Lorem Maecenas posuere sit Microservices congue pulvinar Lorem sed purus
2025-06-08 00:20:33 [pool-1-thread-1] INFO  i.s.t.t.k.s.l.TwitterKafkaStatusListener - Twitter status with text ipsum libero porttitor posuere Kafka magna sit amet
2025-06-08 00:20:43 [pool-1-thread-1] INFO  i.s.t.t.k.s.l.TwitterKafkaStatusListener - Twitter status with text Maecenas sit porttitor consectetuer Maecenas magna pulvinar amet Microservices Maecenas ultricies adipiscing ipsum porttitor elit congue
2025-06-08 00:20:53 [pool-1-thread-1] INFO  i.s.t.t.k.s.l.TwitterKafkaStatusListener - Twitter status with text amet Lorem posuere sed elit amet congue posuere Microservices sit lectus pulvinar elit Maecenas ultricies
2025-06-08 00:21:03 [pool-1-thread-1] INFO  i.s.t.t.k.s.l.TwitterKafkaStatusListener - Twitter status with text Fusce malesuada consectetuer pulvinar elit Fusce sit Java purus Maecenas magna sit malesuada
2025-06-08 00:21:13 [pool-1-thread-1] INFO  i.s.t.t.k.s.l.TwitterKafkaStatusListener - Twitter status with text congue Maecenas Lorem pulvinar sit purus Java sit congue congue congue posuere
2025-06-08 00:21:23 [pool-1-thread-1] INFO  i.s.t.t.k.s.l.TwitterKafkaStatusListener - Twitter status with text Maecenas Fusce elit Maecenas Java ultricies Lorem lectus
2025-06-08 00:21:33 [pool-1-thread-1] INFO  i.s.t.t.k.s.l.TwitterKafkaStatusListener - Twitter status with text dolor ultricies pulvinar sed Microservices Maecenas purus magna
2025-06-08 00:21:43 [pool-1-thread-1] INFO  i.s.t.t.k.s.l.TwitterKafkaStatusListener - Twitter status with text Lorem sit amet Maecenas Fusce Java amet consectetuer adipiscing
2025-06-08 00:21:53 [pool-1-thread-1] INFO  i.s.t.t.k.s.l.TwitterKafkaStatusListener - Twitter status with text dolor purus adipiscing Lorem adipiscing ipsum sit Elasticsearch libero dolor Lorem ipsum posuere
2025-06-08 00:22:03 [pool-1-thread-1] INFO  i.s.t.t.k.s.l.TwitterKafkaStatusListener - Twitter status with text porttitor malesuada malesuada Lorem pulvinar congue congue Microservices ultricies consectetuer magna ultricies sed massa
2025-06-08 00:22:13 [pool-1-thread-1] INFO  i.s.t.t.k.s.l.TwitterKafkaStatusListener - Twitter status with text Maecenas libero congue Fusce massa posuere adipiscing Java adipiscing Maecenas ultricies ultricies ipsum amet
2025-06-08 00:22:23 [pool-1-thread-1] INFO  i.s.t.t.k.s.l.TwitterKafkaStatusListener - Twitter status with text Lorem consectetuer congue Maecenas Microservices lectus congue
2025-06-08 00:22:33 [pool-1-thread-1] INFO  i.s.t.t.k.s.l.TwitterKafkaStatusListener - Twitter status with text adipiscing sit libero adipiscing purus purus Microservices porttitor massa porttitor congue
2025-06-08 00:22:43 [pool-1-thread-1] INFO  i.s.t.t.k.s.l.TwitterKafkaStatusListener - Twitter status with text magna Lorem lectus massa Elasticsearch magna malesuada elit
2025-06-08 00:22:53 [pool-1-thread-1] INFO  i.s.t.t.k.s.l.TwitterKafkaStatusListener - Twitter status with text sit elit elit posuere ultricies adipiscing Microservices sed Maecenas porttitor Fusce
2025-06-08 00:23:03 [pool-1-thread-1] INFO  i.s.t.t.k.s.l.TwitterKafkaStatusListener - Twitter status with text posuere amet libero massa purus elit Elasticsearch sit libero sit ipsum
2025-06-08 00:23:13 [pool-1-thread-1] INFO  i.s.t.t.k.s.l.TwitterKafkaStatusListener - Twitter status with text lectus libero massa congue elit Kafka malesuada elit Lorem Maecenas
2025-06-08 00:23:23 [pool-1-thread-1] INFO  i.s.t.t.k.s.l.TwitterKafkaStatusListener - Twitter status with text magna purus sit libero massa Fusce Microservices dolor lectus ultricies dolor Lorem
2025-06-08 00:23:33 [pool-1-thread-1] INFO  i.s.t.t.k.s.l.TwitterKafkaStatusListener - Twitter status with text elit purus elit Maecenas porttitor malesuada dolor Java congue magna libero massa sed Fusce
2025-06-08 00:23:43 [pool-1-thread-1] INFO  i.s.t.t.k.s.l.TwitterKafkaStatusListener - Twitter status with text massa amet dolor libero posuere ultricies Java ultricies libero amet porttitor
2025-06-08 00:23:53 [pool-1-thread-1] INFO  i.s.t.t.k.s.l.TwitterKafkaStatusListener - Twitter status with text sit ultricies Lorem Maecenas amet Elasticsearch amet magna malesuada
2025-06-08 00:24:03 [pool-1-thread-1] INFO  i.s.t.t.k.s.l.TwitterKafkaStatusListener - Twitter status with text ultricies sed porttitor Fusce Kafka elit massa purus
2025-06-08 00:24:13 [pool-1-thread-1] INFO  i.s.t.t.k.s.l.TwitterKafkaStatusListener - Twitter status with text magna magna purus consectetuer libero congue posuere Kafka malesuada posuere ipsum purus lectus
2025-06-08 00:24:23 [pool-1-thread-1] INFO  i.s.t.t.k.s.l.TwitterKafkaStatusListener - Twitter status with text elit Lorem congue Lorem adipiscing sit Java amet malesuada congue massa
2025-06-08 00:24:33 [pool-1-thread-1] INFO  i.s.t.t.k.s.l.TwitterKafkaStatusListener - Twitter status with text Fusce pulvinar ultricies pulvinar Maecenas massa dolor massa Java ipsum adipiscing sed consectetuer amet adipiscing congue
2025-06-08 00:24:43 [pool-1-thread-1] INFO  i.s.t.t.k.s.l.TwitterKafkaStatusListener - Twitter status with text Lorem pulvinar Lorem amet sit massa consectetuer massa Kafka libero adipiscing libero massa porttitor amet
2025-06-08 00:24:53 [pool-1-thread-1] INFO  i.s.t.t.k.s.l.TwitterKafkaStatusListener - Twitter status with text magna massa Maecenas amet Microservices purus Lorem amet
2025-06-08 00:25:03 [pool-1-thread-1] INFO  i.s.t.t.k.s.l.TwitterKafkaStatusListener - Twitter status with text purus purus purus malesuada Fusce porttitor ultricies sit Elasticsearch posuere sit massa purus elit adipiscing massa
2025-06-08 00:25:13 [pool-1-thread-1] INFO  i.s.t.t.k.s.l.TwitterKafkaStatusListener - Twitter status with text purus elit adipiscing Maecenas Java purus sed
2025-06-08 00:25:23 [pool-1-thread-1] INFO  i.s.t.t.k.s.l.TwitterKafkaStatusListener - Twitter status with text dolor posuere sit massa Java libero dolor lectus
2025-06-08 00:25:33 [pool-1-thread-1] INFO  i.s.t.t.k.s.l.TwitterKafkaStatusListener - Twitter status with text purus magna Fusce purus congue libero consectetuer congue Microservices consectetuer sed magna pulvinar posuere Fusce sed
2025-06-08 00:25:43 [pool-1-thread-1] INFO  i.s.t.t.k.s.l.TwitterKafkaStatusListener - Twitter status with text pulvinar massa massa porttitor porttitor congue malesuada Kafka amet congue massa elit posuere
2025-06-08 00:25:53 [pool-1-thread-1] INFO  i.s.t.t.k.s.l.TwitterKafkaStatusListener - Twitter status with text ultricies sit porttitor libero congue amet malesuada Maecenas Microservices adipiscing ultricies elit Fusce consectetuer congue Maecenas
2025-06-08 00:26:03 [pool-1-thread-1] INFO  i.s.t.t.k.s.l.TwitterKafkaStatusListener - Twitter status with text Lorem massa ipsum adipiscing adipiscing Microservices pulvinar dolor magna adipiscing
2025-06-08 00:26:13 [pool-1-thread-1] INFO  i.s.t.t.k.s.l.TwitterKafkaStatusListener - Twitter status with text Lorem libero sed elit sed ipsum consectetuer Elasticsearch massa libero pulvinar lectus magna porttitor
2025-06-08 00:26:23 [pool-1-thread-1] INFO  i.s.t.t.k.s.l.TwitterKafkaStatusListener - Twitter status with text elit sit amet malesuada Fusce posuere ultricies purus Kafka Fusce dolor ultricies libero sit Lorem
2025-06-08 00:26:33 [pool-1-thread-1] INFO  i.s.t.t.k.s.l.TwitterKafkaStatusListener - Twitter status with text sed pulvinar ipsum ipsum libero ultricies Lorem ultricies Microservices congue ipsum dolor magna purus consectetuer ultricies
2025-06-08 00:26:43 [pool-1-thread-1] INFO  i.s.t.t.k.s.l.TwitterKafkaStatusListener - Twitter status with text dolor congue dolor Fusce elit pulvinar amet ultricies Microservices porttitor pulvinar lectus malesuada elit adipiscing dolor
2025-06-08 00:26:53 [pool-1-thread-1] INFO  i.s.t.t.k.s.l.TwitterKafkaStatusListener - Twitter status with text Fusce Lorem ipsum Fusce massa sed Elasticsearch Lorem Fusce Maecenas posuere
2025-06-08 00:27:03 [pool-1-thread-1] INFO  i.s.t.t.k.s.l.TwitterKafkaStatusListener - Twitter status with text adipiscing malesuada congue consectetuer ipsum congue amet Elasticsearch elit posuere sit libero libero pulvinar
2025-06-08 00:27:13 [pool-1-thread-1] INFO  i.s.t.t.k.s.l.TwitterKafkaStatusListener - Twitter status with text posuere Lorem dolor congue malesuada consectetuer malesuada Microservices Fusce congue sit congue sit ipsum
2025-06-08 00:27:23 [pool-1-thread-1] INFO  i.s.t.t.k.s.l.TwitterKafkaStatusListener - Twitter status with text ipsum dolor malesuada ipsum pulvinar Microservices Maecenas consectetuer amet
2025-06-08 00:27:33 [pool-1-thread-1] INFO  i.s.t.t.k.s.l.TwitterKafkaStatusListener - Twitter status with text dolor amet elit elit Lorem dolor sed amet Kafka Lorem libero sed posuere ipsum elit posuere
2025-06-08 00:27:43 [pool-1-thread-1] INFO  i.s.t.t.k.s.l.TwitterKafkaStatusListener - Twitter status with text elit dolor libero sed consectetuer Lorem Java ipsum ipsum Fusce massa
2025-06-08 00:27:53 [pool-1-thread-1] INFO  i.s.t.t.k.s.l.TwitterKafkaStatusListener - Twitter status with text amet amet libero malesuada adipiscing Kafka sed sed elit amet
2025-06-08 00:28:03 [pool-1-thread-1] INFO  i.s.t.t.k.s.l.TwitterKafkaStatusListener - Twitter status with text consectetuer dolor libero amet magna Kafka Lorem lectus porttitor lectus
2025-06-08 00:28:13 [pool-1-thread-1] INFO  i.s.t.t.k.s.l.TwitterKafkaStatusListener - Twitter status with text sit consectetuer Lorem Fusce adipiscing sed lectus Java libero Lorem Maecenas ultricies congue
2025-06-08 00:28:23 [pool-1-thread-1] INFO  i.s.t.t.k.s.l.TwitterKafkaStatusListener - Twitter status with text sit magna dolor porttitor dolor libero ipsum malesuada Kafka consectetuer amet elit lectus congue porttitor
2025-06-08 00:28:33 [pool-1-thread-1] INFO  i.s.t.t.k.s.l.TwitterKafkaStatusListener - Twitter status with text elit sed adipiscing ipsum adipiscing Kafka lectus sed libero magna
2025-06-08 00:28:43 [pool-1-thread-1] INFO  i.s.t.t.k.s.l.TwitterKafkaStatusListener - Twitter status with text Maecenas amet lectus ipsum Kafka sed dolor
2025-06-08 00:28:53 [pool-1-thread-1] INFO  i.s.t.t.k.s.l.TwitterKafkaStatusListener - Twitter status with text libero amet magna posuere pulvinar Maecenas posuere Maecenas Kafka porttitor massa dolor elit ipsum ultricies congue
2025-06-08 00:29:03 [pool-1-thread-1] INFO  i.s.t.t.k.s.l.TwitterKafkaStatusListener - Twitter status with text sed lectus Lorem magna elit elit Microservices malesuada posuere Lorem consectetuer sit
2025-06-08 00:29:13 [pool-1-thread-1] INFO  i.s.t.t.k.s.l.TwitterKafkaStatusListener - Twitter status with text libero consectetuer libero pulvinar Kafka purus Maecenas
2025-06-08 00:29:23 [pool-1-thread-1] INFO  i.s.t.t.k.s.l.TwitterKafkaStatusListener - Twitter status with text adipiscing ultricies Lorem congue ultricies congue dolor Kafka sed amet massa Maecenas Maecenas
2025-06-08 00:29:33 [pool-1-thread-1] INFO  i.s.t.t.k.s.l.TwitterKafkaStatusListener - Twitter status with text Lorem sed porttitor ipsum Fusce Maecenas Lorem Java libero malesuada Maecenas congue pulvinar lectus
2025-06-08 00:29:43 [pool-1-thread-1] INFO  i.s.t.t.k.s.l.TwitterKafkaStatusListener - Twitter status with text amet Maecenas ultricies elit massa Elasticsearch libero magna posuere posuere
2025-06-08 00:29:53 [pool-1-thread-1] INFO  i.s.t.t.k.s.l.TwitterKafkaStatusListener - Twitter status with text Lorem Fusce amet adipiscing Maecenas pulvinar massa Microservices lectus magna massa Maecenas posuere congue
2025-06-08 00:30:03 [pool-1-thread-1] INFO  i.s.t.t.k.s.l.TwitterKafkaStatusListener - Twitter status with text sit pulvinar magna ultricies Elasticsearch amet sed dolor
2025-06-08 00:30:13 [pool-1-thread-1] INFO  i.s.t.t.k.s.l.TwitterKafkaStatusListener - Twitter status with text ultricies congue Fusce Fusce pulvinar purus purus Elasticsearch Maecenas elit Maecenas malesuada adipiscing Lorem
2025-06-08 00:30:23 [pool-1-thread-1] INFO  i.s.t.t.k.s.l.TwitterKafkaStatusListener - Twitter status with text libero ultricies magna sit purus massa Microservices amet sed magna elit dolor
2025-06-08 00:30:33 [pool-1-thread-1] INFO  i.s.t.t.k.s.l.TwitterKafkaStatusListener - Twitter status with text posuere elit congue lectus purus elit malesuada Elasticsearch congue porttitor sit porttitor adipiscing pulvinar
2025-06-08 00:30:43 [pool-1-thread-1] INFO  i.s.t.t.k.s.l.TwitterKafkaStatusListener - Twitter status with text Lorem malesuada ipsum pulvinar malesuada Elasticsearch elit magna purus sit
2025-06-08 00:30:53 [pool-1-thread-1] INFO  i.s.t.t.k.s.l.TwitterKafkaStatusListener - Twitter status with text amet libero lectus amet amet posuere ultricies Kafka adipiscing malesuada ultricies ultricies Maecenas
2025-06-08 00:31:03 [pool-1-thread-1] INFO  i.s.t.t.k.s.l.TwitterKafkaStatusListener - Twitter status with text pulvinar pulvinar ipsum porttitor massa elit adipiscing malesuada Microservices porttitor ultricies adipiscing ipsum magna libero
2025-06-08 00:31:13 [pool-1-thread-1] INFO  i.s.t.t.k.s.l.TwitterKafkaStatusListener - Twitter status with text posuere ipsum porttitor magna posuere Kafka purus adipiscing amet
2025-06-08 00:31:23 [pool-1-thread-1] INFO  i.s.t.t.k.s.l.TwitterKafkaStatusListener - Twitter status with text massa Fusce congue amet malesuada Java purus pulvinar massa
2025-06-08 00:31:33 [pool-1-thread-1] INFO  i.s.t.t.k.s.l.TwitterKafkaStatusListener - Twitter status with text sed massa elit sit Microservices Fusce purus
2025-06-08 00:31:43 [pool-1-thread-1] INFO  i.s.t.t.k.s.l.TwitterKafkaStatusListener - Twitter status with text magna Fusce lectus sit lectus Microservices sed Maecenas adipiscing ultricies
2025-06-08 00:31:53 [pool-1-thread-1] INFO  i.s.t.t.k.s.l.TwitterKafkaStatusListener - Twitter status with text libero malesuada posuere Kafka Lorem ipsum
2025-06-08 00:32:03 [pool-1-thread-1] INFO  i.s.t.t.k.s.l.TwitterKafkaStatusListener - Twitter status with text dolor Maecenas Lorem malesuada posuere massa elit malesuada Kafka purus massa massa magna porttitor adipiscing
2025-06-08 00:32:13 [pool-1-thread-1] INFO  i.s.t.t.k.s.l.TwitterKafkaStatusListener - Twitter status with text porttitor massa Maecenas ultricies posuere Fusce congue massa Microservices sit Fusce massa sit magna pulvinar
2025-06-08 00:32:23 [pool-1-thread-1] INFO  i.s.t.t.k.s.l.TwitterKafkaStatusListener - Twitter status with text malesuada pulvinar magna pulvinar Kafka magna pulvinar
2025-06-08 00:32:33 [pool-1-thread-1] INFO  i.s.t.t.k.s.l.TwitterKafkaStatusListener - Twitter status with text libero Maecenas consectetuer posuere lectus Lorem Fusce magna Kafka sit elit adipiscing ipsum magna malesuada
2025-06-08 00:32:43 [pool-1-thread-1] INFO  i.s.t.t.k.s.l.TwitterKafkaStatusListener - Twitter status with text malesuada pulvinar purus ipsum adipiscing posuere magna libero Kafka Lorem consectetuer Maecenas ultricies malesuada libero
2025-06-08 00:32:53 [pool-1-thread-1] INFO  i.s.t.t.k.s.l.TwitterKafkaStatusListener - Twitter status with text posuere amet congue Lorem posuere magna lectus elit Microservices purus Maecenas porttitor elit massa Fusce malesuada
2025-06-08 00:33:03 [pool-1-thread-1] INFO  i.s.t.t.k.s.l.TwitterKafkaStatusListener - Twitter status with text ipsum magna consectetuer porttitor ipsum sit dolor congue Kafka posuere consectetuer porttitor dolor sit posuere
2025-06-08 00:33:13 [pool-1-thread-1] INFO  i.s.t.t.k.s.l.TwitterKafkaStatusListener - Twitter status with text congue adipiscing malesuada Microservices Maecenas purus
2025-06-08 00:33:23 [pool-1-thread-1] INFO  i.s.t.t.k.s.l.TwitterKafkaStatusListener - Twitter status with text libero adipiscing pulvinar Java dolor sed
2025-06-08 00:33:33 [pool-1-thread-1] INFO  i.s.t.t.k.s.l.TwitterKafkaStatusListener - Twitter status with text dolor ultricies pulvinar congue Kafka Lorem pulvinar
2025-06-08 00:33:43 [pool-1-thread-1] INFO  i.s.t.t.k.s.l.TwitterKafkaStatusListener - Twitter status with text consectetuer magna magna Maecenas amet Elasticsearch elit libero Fusce malesuada
2025-06-08 00:33:53 [pool-1-thread-1] INFO  i.s.t.t.k.s.l.TwitterKafkaStatusListener - Twitter status with text consectetuer congue magna pulvinar posuere malesuada Fusce consectetuer Java posuere malesuada posuere purus consectetuer amet elit
2025-06-08 00:34:03 [pool-1-thread-1] INFO  i.s.t.t.k.s.l.TwitterKafkaStatusListener - Twitter status with text Lorem congue Lorem ipsum sed elit Microservices congue ultricies pulvinar consectetuer
2025-06-08 00:34:13 [pool-1-thread-1] INFO  i.s.t.t.k.s.l.TwitterKafkaStatusListener - Twitter status with text libero Fusce consectetuer dolor Kafka dolor ipsum posuere
2025-06-08 00:34:23 [pool-1-thread-1] INFO  i.s.t.t.k.s.l.TwitterKafkaStatusListener - Twitter status with text sit adipiscing libero Fusce elit Microservices congue malesuada purus
2025-06-08 00:34:33 [pool-1-thread-1] INFO  i.s.t.t.k.s.l.TwitterKafkaStatusListener - Twitter status with text Lorem Fusce massa sed Elasticsearch libero adipiscing
2025-06-08 00:34:43 [pool-1-thread-1] INFO  i.s.t.t.k.s.l.TwitterKafkaStatusListener - Twitter status with text libero Maecenas dolor sed purus Fusce Elasticsearch Maecenas pulvinar malesuada lectus amet
2025-06-08 00:34:53 [pool-1-thread-1] INFO  i.s.t.t.k.s.l.TwitterKafkaStatusListener - Twitter status with text ultricies dolor amet sit libero Microservices ultricies pulvinar purus elit
2025-06-08 00:35:03 [pool-1-thread-1] INFO  i.s.t.t.k.s.l.TwitterKafkaStatusListener - Twitter status with text ultricies massa lectus posuere Elasticsearch sit ipsum dolor
2025-06-08 00:35:13 [pool-1-thread-1] INFO  i.s.t.t.k.s.l.TwitterKafkaStatusListener - Twitter status with text amet purus amet Lorem adipiscing Java malesuada ultricies elit sit
2025-06-08 00:35:23 [pool-1-thread-1] INFO  i.s.t.t.k.s.l.TwitterKafkaStatusListener - Twitter status with text Maecenas sit massa Fusce massa adipiscing Elasticsearch elit sit porttitor pulvinar
2025-06-08 00:35:33 [pool-1-thread-1] INFO  i.s.t.t.k.s.l.TwitterKafkaStatusListener - Twitter status with text sed ipsum porttitor dolor elit consectetuer Elasticsearch elit lectus lectus dolor
2025-06-08 00:35:43 [pool-1-thread-1] INFO  i.s.t.t.k.s.l.TwitterKafkaStatusListener - Twitter status with text ultricies congue ipsum massa pulvinar Fusce Elasticsearch consectetuer posuere Fusce sed porttitor
2025-06-08 00:35:53 [pool-1-thread-1] INFO  i.s.t.t.k.s.l.TwitterKafkaStatusListener - Twitter status with text sit pulvinar posuere massa Maecenas massa Java adipiscing pulvinar sit Maecenas
2025-06-08 00:36:03 [pool-1-thread-1] INFO  i.s.t.t.k.s.l.TwitterKafkaStatusListener - Twitter status with text malesuada amet porttitor elit massa Kafka elit sed consectetuer
2025-06-08 00:36:13 [pool-1-thread-1] INFO  i.s.t.t.k.s.l.TwitterKafkaStatusListener - Twitter status with text amet consectetuer consectetuer Maecenas malesuada ultricies sit sit Microservices ipsum Lorem amet massa ultricies malesuada
2025-06-08 00:36:23 [pool-1-thread-1] INFO  i.s.t.t.k.s.l.TwitterKafkaStatusListener - Twitter status with text consectetuer ultricies Fusce malesuada malesuada libero Microservices ultricies Maecenas porttitor libero
2025-06-08 00:36:33 [pool-1-thread-1] INFO  i.s.t.t.k.s.l.TwitterKafkaStatusListener - Twitter status with text elit consectetuer elit posuere ultricies consectetuer Microservices ipsum Maecenas posuere ultricies Lorem
2025-06-08 00:36:43 [pool-1-thread-1] INFO  i.s.t.t.k.s.l.TwitterKafkaStatusListener - Twitter status with text posuere lectus libero libero congue massa ipsum Kafka ipsum Fusce pulvinar malesuada Fusce
2025-06-08 00:36:53 [pool-1-thread-1] INFO  i.s.t.t.k.s.l.TwitterKafkaStatusListener - Twitter status with text ipsum lectus congue Fusce magna adipiscing lectus malesuada Java congue Lorem dolor adipiscing ipsum ipsum porttitor
2025-06-08 00:37:03 [pool-1-thread-1] INFO  i.s.t.t.k.s.l.TwitterKafkaStatusListener - Twitter status with text Fusce massa ipsum massa posuere Lorem purus pulvinar Elasticsearch congue pulvinar lectus porttitor Fusce posuere
2025-06-08 00:37:13 [pool-1-thread-1] INFO  i.s.t.t.k.s.l.TwitterKafkaStatusListener - Twitter status with text Lorem libero adipiscing magna Kafka elit posuere
2025-06-08 00:37:23 [pool-1-thread-1] INFO  i.s.t.t.k.s.l.TwitterKafkaStatusListener - Twitter status with text congue elit consectetuer porttitor lectus congue posuere Kafka lectus consectetuer Maecenas libero elit
2025-06-08 00:37:33 [pool-1-thread-1] INFO  i.s.t.t.k.s.l.TwitterKafkaStatusListener - Twitter status with text lectus ultricies elit elit purus massa Java posuere ultricies porttitor massa congue
2025-06-08 00:37:43 [pool-1-thread-1] INFO  i.s.t.t.k.s.l.TwitterKafkaStatusListener - Twitter status with text pulvinar elit Lorem consectetuer Elasticsearch libero ipsum
2025-06-08 00:37:53 [pool-1-thread-1] INFO  i.s.t.t.k.s.l.TwitterKafkaStatusListener - Twitter status with text massa posuere sit lectus elit porttitor magna amet Kafka lectus magna malesuada congue amet pulvinar
2025-06-08 00:38:03 [pool-1-thread-1] INFO  i.s.t.t.k.s.l.TwitterKafkaStatusListener - Twitter status with text adipiscing congue amet lectus Fusce sit malesuada Elasticsearch magna dolor lectus purus posuere lectus
2025-06-08 00:38:13 [pool-1-thread-1] INFO  i.s.t.t.k.s.l.TwitterKafkaStatusListener - Twitter status with text elit pulvinar ultricies massa purus consectetuer Fusce Kafka congue posuere massa purus libero
2025-06-08 00:38:23 [pool-1-thread-1] INFO  i.s.t.t.k.s.l.TwitterKafkaStatusListener - Twitter status with text lectus porttitor porttitor sed posuere Microservices sit libero sit massa
2025-06-08 00:38:33 [pool-1-thread-1] INFO  i.s.t.t.k.s.l.TwitterKafkaStatusListener - Twitter status with text magna consectetuer purus Lorem massa ipsum congue Java adipiscing amet lectus lectus libero
2025-06-08 00:38:43 [pool-1-thread-1] INFO  i.s.t.t.k.s.l.TwitterKafkaStatusListener - Twitter status with text massa elit pulvinar Java sit Fusce
2025-06-08 00:38:53 [pool-1-thread-1] INFO  i.s.t.t.k.s.l.TwitterKafkaStatusListener - Twitter status with text ultricies ultricies magna ultricies magna Kafka lectus pulvinar dolor consectetuer
2025-06-08 00:39:03 [pool-1-thread-1] INFO  i.s.t.t.k.s.l.TwitterKafkaStatusListener - Twitter status with text massa porttitor libero congue Java amet dolor dolor
2025-06-08 00:39:13 [pool-1-thread-1] INFO  i.s.t.t.k.s.l.TwitterKafkaStatusListener - Twitter status with text lectus libero malesuada Lorem malesuada lectus lectus Java amet adipiscing libero Fusce congue
2025-06-08 00:39:23 [pool-1-thread-1] INFO  i.s.t.t.k.s.l.TwitterKafkaStatusListener - Twitter status with text lectus Fusce libero Kafka Lorem Maecenas
2025-06-08 00:39:33 [pool-1-thread-1] INFO  i.s.t.t.k.s.l.TwitterKafkaStatusListener - Twitter status with text lectus magna libero magna dolor elit porttitor Elasticsearch purus ipsum malesuada malesuada pulvinar
2025-06-08 00:39:43 [pool-1-thread-1] INFO  i.s.t.t.k.s.l.TwitterKafkaStatusListener - Twitter status with text purus amet lectus purus consectetuer dolor ipsum Elasticsearch Lorem lectus ipsum massa malesuada
2025-06-08 00:39:53 [pool-1-thread-1] INFO  i.s.t.t.k.s.l.TwitterKafkaStatusListener - Twitter status with text ultricies posuere adipiscing ultricies sed ultricies magna Elasticsearch lectus ultricies adipiscing porttitor Lorem
2025-06-08 00:40:03 [pool-1-thread-1] INFO  i.s.t.t.k.s.l.TwitterKafkaStatusListener - Twitter status with text malesuada elit libero libero magna Java lectus Maecenas consectetuer
2025-06-08 00:40:13 [pool-1-thread-1] INFO  i.s.t.t.k.s.l.TwitterKafkaStatusListener - Twitter status with text Lorem ipsum porttitor sed porttitor malesuada Microservices Maecenas malesuada ipsum adipiscing lectus
2025-06-08 00:40:23 [pool-1-thread-1] INFO  i.s.t.t.k.s.l.TwitterKafkaStatusListener - Twitter status with text malesuada purus purus magna ipsum sit congue congue Kafka purus adipiscing purus lectus sed sed
2025-06-08 00:40:33 [pool-1-thread-1] INFO  i.s.t.t.k.s.l.TwitterKafkaStatusListener - Twitter status with text adipiscing purus libero lectus adipiscing congue Java Maecenas congue sit dolor ultricies
2025-06-08 00:40:43 [pool-1-thread-1] INFO  i.s.t.t.k.s.l.TwitterKafkaStatusListener - Twitter status with text massa malesuada libero dolor purus Elasticsearch congue dolor porttitor
2025-06-08 00:40:53 [pool-1-thread-1] INFO  i.s.t.t.k.s.l.TwitterKafkaStatusListener - Twitter status with text Fusce porttitor porttitor dolor dolor sit ipsum sed Kafka elit sit sed elit pulvinar Fusce
2025-06-08 00:41:03 [pool-1-thread-1] INFO  i.s.t.t.k.s.l.TwitterKafkaStatusListener - Twitter status with text congue pulvinar libero amet consectetuer Elasticsearch purus ipsum congue porttitor
2025-06-08 00:41:13 [pool-1-thread-1] INFO  i.s.t.t.k.s.l.TwitterKafkaStatusListener - Twitter status with text elit Maecenas dolor Microservices magna pulvinar
2025-06-08 00:41:23 [pool-1-thread-1] INFO  i.s.t.t.k.s.l.TwitterKafkaStatusListener - Twitter status with text elit Maecenas libero dolor ipsum lectus Elasticsearch ipsum ultricies malesuada porttitor massa
2025-06-08 00:41:33 [pool-1-thread-1] INFO  i.s.t.t.k.s.l.TwitterKafkaStatusListener - Twitter status with text pulvinar Fusce elit Microservices purus posuere
2025-06-08 00:41:43 [pool-1-thread-1] INFO  i.s.t.t.k.s.l.TwitterKafkaStatusListener - Twitter status with text porttitor Lorem sed ipsum congue amet purus posuere Microservices purus sed malesuada amet dolor malesuada
2025-06-08 00:41:53 [pool-1-thread-1] INFO  i.s.t.t.k.s.l.TwitterKafkaStatusListener - Twitter status with text amet ultricies massa Maecenas Fusce amet ipsum sed Kafka adipiscing dolor sed dolor malesuada posuere ipsum
2025-06-08 00:42:03 [pool-1-thread-1] INFO  i.s.t.t.k.s.l.TwitterKafkaStatusListener - Twitter status with text pulvinar sed Lorem posuere elit sed Microservices ultricies Maecenas sit malesuada
2025-06-08 00:42:13 [pool-1-thread-1] INFO  i.s.t.t.k.s.l.TwitterKafkaStatusListener - Twitter status with text magna ipsum adipiscing dolor adipiscing ipsum sit congue Microservices libero sit porttitor purus pulvinar dolor
2025-06-08 00:42:23 [pool-1-thread-1] INFO  i.s.t.t.k.s.l.TwitterKafkaStatusListener - Twitter status with text amet pulvinar pulvinar porttitor lectus Fusce ipsum Kafka magna Fusce magna purus sed Lorem
2025-06-08 00:42:33 [pool-1-thread-1] INFO  i.s.t.t.k.s.l.TwitterKafkaStatusListener - Twitter status with text Lorem sit Fusce sit adipiscing ipsum Fusce adipiscing Java sed Lorem Fusce purus porttitor malesuada
2025-06-08 00:42:43 [pool-1-thread-1] INFO  i.s.t.t.k.s.l.TwitterKafkaStatusListener - Twitter status with text lectus consectetuer Maecenas ipsum Microservices purus Lorem posuere
2025-06-08 00:42:53 [pool-1-thread-1] INFO  i.s.t.t.k.s.l.TwitterKafkaStatusListener - Twitter status with text ultricies porttitor sed dolor ipsum Maecenas Kafka sed Fusce ultricies elit
2025-06-08 00:43:03 [pool-1-thread-1] INFO  i.s.t.t.k.s.l.TwitterKafkaStatusListener - Twitter status with text posuere Lorem sit ipsum ultricies Java porttitor consectetuer Fusce
2025-06-08 00:43:13 [pool-1-thread-1] INFO  i.s.t.t.k.s.l.TwitterKafkaStatusListener - Twitter status with text Lorem malesuada dolor ipsum Elasticsearch congue consectetuer ipsum
2025-06-08 00:43:23 [pool-1-thread-1] INFO  i.s.t.t.k.s.l.TwitterKafkaStatusListener - Twitter status with text posuere pulvinar dolor Java adipiscing libero
2025-06-08 00:43:33 [pool-1-thread-1] INFO  i.s.t.t.k.s.l.TwitterKafkaStatusListener - Twitter status with text magna consectetuer sit sed lectus adipiscing libero Java amet sit malesuada ipsum Lorem
2025-06-08 00:43:43 [pool-1-thread-1] INFO  i.s.t.t.k.s.l.TwitterKafkaStatusListener - Twitter status with text Maecenas amet sed lectus elit Elasticsearch magna magna porttitor ipsum
2025-06-08 00:43:53 [pool-1-thread-1] INFO  i.s.t.t.k.s.l.TwitterKafkaStatusListener - Twitter status with text ipsum ipsum malesuada dolor dolor Java adipiscing ultricies purus elit
2025-06-08 00:44:03 [pool-1-thread-1] INFO  i.s.t.t.k.s.l.TwitterKafkaStatusListener - Twitter status with text lectus magna sit consectetuer Kafka Fusce sed
2025-06-08 00:44:13 [pool-1-thread-1] INFO  i.s.t.t.k.s.l.TwitterKafkaStatusListener - Twitter status with text sed ultricies sed Elasticsearch elit Lorem
2025-06-08 00:44:23 [pool-1-thread-1] INFO  i.s.t.t.k.s.l.TwitterKafkaStatusListener - Twitter status with text Maecenas magna porttitor sed amet magna dolor pulvinar Kafka libero ipsum libero libero Lorem magna porttitor
2025-06-08 00:44:33 [pool-1-thread-1] INFO  i.s.t.t.k.s.l.TwitterKafkaStatusListener - Twitter status with text purus ultricies sit Java pulvinar dolor
2025-06-08 00:44:43 [pool-1-thread-1] INFO  i.s.t.t.k.s.l.TwitterKafkaStatusListener - Twitter status with text libero congue libero malesuada ultricies sed ipsum elit Microservices magna libero Fusce elit dolor magna
2025-06-08 00:44:53 [pool-1-thread-1] INFO  i.s.t.t.k.s.l.TwitterKafkaStatusListener - Twitter status with text sed elit dolor purus Java purus Lorem ultricies
2025-06-08 00:45:03 [pool-1-thread-1] INFO  i.s.t.t.k.s.l.TwitterKafkaStatusListener - Twitter status with text libero ipsum pulvinar ultricies posuere ipsum amet sit Elasticsearch malesuada libero Maecenas lectus adipiscing lectus
2025-06-08 00:45:13 [pool-1-thread-1] INFO  i.s.t.t.k.s.l.TwitterKafkaStatusListener - Twitter status with text malesuada porttitor pulvinar pulvinar Lorem ultricies consectetuer Microservices elit lectus magna sed elit
2025-06-08 00:45:23 [pool-1-thread-1] INFO  i.s.t.t.k.s.l.TwitterKafkaStatusListener - Twitter status with text malesuada ultricies congue massa malesuada sit sed Elasticsearch sed dolor magna sed sit
2025-06-08 00:45:33 [pool-1-thread-1] INFO  i.s.t.t.k.s.l.TwitterKafkaStatusListener - Twitter status with text massa pulvinar dolor Microservices libero magna
2025-06-08 00:45:43 [pool-1-thread-1] INFO  i.s.t.t.k.s.l.TwitterKafkaStatusListener - Twitter status with text libero dolor ipsum Microservices consectetuer amet
2025-06-08 00:45:53 [pool-1-thread-1] INFO  i.s.t.t.k.s.l.TwitterKafkaStatusListener - Twitter status with text consectetuer pulvinar sit purus adipiscing libero lectus Elasticsearch lectus ultricies elit Fusce lectus ipsum
2025-06-08 00:46:03 [pool-1-thread-1] INFO  i.s.t.t.k.s.l.TwitterKafkaStatusListener - Twitter status with text Fusce porttitor lectus ipsum Microservices purus malesuada malesuada
2025-06-08 00:46:13 [pool-1-thread-1] INFO  i.s.t.t.k.s.l.TwitterKafkaStatusListener - Twitter status with text congue dolor Fusce Fusce posuere dolor pulvinar Microservices Maecenas ipsum sed Fusce posuere
2025-06-08 00:46:23 [pool-1-thread-1] INFO  i.s.t.t.k.s.l.TwitterKafkaStatusListener - Twitter status with text massa sed Lorem sit Java pulvinar amet
2025-06-08 00:46:33 [pool-1-thread-1] INFO  i.s.t.t.k.s.l.TwitterKafkaStatusListener - Twitter status with text massa Fusce lectus congue Elasticsearch sed sed
2025-06-08 00:46:43 [pool-1-thread-1] INFO  i.s.t.t.k.s.l.TwitterKafkaStatusListener - Twitter status with text purus Lorem Fusce elit Kafka sed adipiscing purus
2025-06-08 00:46:53 [pool-1-thread-1] INFO  i.s.t.t.k.s.l.TwitterKafkaStatusListener - Twitter status with text malesuada purus consectetuer congue Microservices libero porttitor elit
2025-06-08 00:47:03 [pool-1-thread-1] INFO  i.s.t.t.k.s.l.TwitterKafkaStatusListener - Twitter status with text ipsum adipiscing posuere Lorem elit amet Lorem dolor Java libero ipsum Fusce massa adipiscing elit lectus
2025-06-08 00:47:13 [pool-1-thread-1] INFO  i.s.t.t.k.s.l.TwitterKafkaStatusListener - Twitter status with text massa malesuada libero Fusce dolor malesuada Kafka lectus dolor adipiscing massa
2025-06-08 00:47:23 [pool-1-thread-1] INFO  i.s.t.t.k.s.l.TwitterKafkaStatusListener - Twitter status with text sit porttitor pulvinar massa Lorem posuere lectus Elasticsearch porttitor adipiscing Fusce purus adipiscing amet
2025-06-08 00:47:33 [pool-1-thread-1] INFO  i.s.t.t.k.s.l.TwitterKafkaStatusListener - Twitter status with text adipiscing ultricies sed porttitor elit congue Elasticsearch lectus ipsum sit dolor massa
2025-06-08 00:47:43 [pool-1-thread-1] INFO  i.s.t.t.k.s.l.TwitterKafkaStatusListener - Twitter status with text amet libero Lorem porttitor ultricies adipiscing dolor Elasticsearch ultricies Lorem elit Lorem dolor
2025-06-08 00:47:53 [pool-1-thread-1] INFO  i.s.t.t.k.s.l.TwitterKafkaStatusListener - Twitter status with text ipsum libero libero ultricies pulvinar Kafka consectetuer ultricies posuere
2025-06-08 00:48:03 [pool-1-thread-1] INFO  i.s.t.t.k.s.l.TwitterKafkaStatusListener - Twitter status with text Maecenas adipiscing elit congue consectetuer purus ultricies Java libero amet ipsum congue lectus pulvinar
2025-06-08 00:48:13 [pool-1-thread-1] INFO  i.s.t.t.k.s.l.TwitterKafkaStatusListener - Twitter status with text amet consectetuer libero amet posuere posuere Java Fusce Maecenas pulvinar posuere posuere
2025-06-08 00:48:23 [pool-1-thread-1] INFO  i.s.t.t.k.s.l.TwitterKafkaStatusListener - Twitter status with text sit amet malesuada congue massa Kafka consectetuer Maecenas libero
2025-06-08 00:48:33 [pool-1-thread-1] INFO  i.s.t.t.k.s.l.TwitterKafkaStatusListener - Twitter status with text posuere libero sed porttitor Fusce dolor dolor Java sed Lorem Maecenas magna purus
2025-06-08 00:48:43 [pool-1-thread-1] INFO  i.s.t.t.k.s.l.TwitterKafkaStatusListener - Twitter status with text Fusce Lorem Lorem dolor amet Elasticsearch ipsum consectetuer dolor Lorem
2025-06-08 00:48:53 [pool-1-thread-1] INFO  i.s.t.t.k.s.l.TwitterKafkaStatusListener - Twitter status with text ultricies massa adipiscing libero sit porttitor adipiscing Elasticsearch elit massa congue massa sed Lorem
2025-06-08 00:49:03 [pool-1-thread-1] INFO  i.s.t.t.k.s.l.TwitterKafkaStatusListener - Twitter status with text pulvinar sed Fusce libero pulvinar libero Kafka ipsum sit congue ultricies libero
2025-06-08 00:49:13 [pool-1-thread-1] INFO  i.s.t.t.k.s.l.TwitterKafkaStatusListener - Twitter status with text magna posuere ultricies Microservices amet congue
2025-06-08 00:49:23 [pool-1-thread-1] INFO  i.s.t.t.k.s.l.TwitterKafkaStatusListener - Twitter status with text porttitor porttitor libero libero posuere purus consectetuer Java lectus Lorem sed sit Lorem adipiscing
2025-06-08 00:49:33 [pool-1-thread-1] INFO  i.s.t.t.k.s.l.TwitterKafkaStatusListener - Twitter status with text sit purus Maecenas elit massa amet elit pulvinar Kafka sit pulvinar adipiscing consectetuer ipsum congue elit
2025-06-08 00:49:43 [pool-1-thread-1] INFO  i.s.t.t.k.s.l.TwitterKafkaStatusListener - Twitter status with text massa dolor Fusce Elasticsearch congue amet
2025-06-08 00:49:53 [pool-1-thread-1] INFO  i.s.t.t.k.s.l.TwitterKafkaStatusListener - Twitter status with text adipiscing malesuada consectetuer congue Elasticsearch elit magna Fusce
2025-06-08 00:50:03 [pool-1-thread-1] INFO  i.s.t.t.k.s.l.TwitterKafkaStatusListener - Twitter status with text pulvinar posuere Maecenas lectus dolor adipiscing amet posuere Kafka lectus magna dolor malesuada porttitor malesuada
2025-06-08 00:50:13 [pool-1-thread-1] INFO  i.s.t.t.k.s.l.TwitterKafkaStatusListener - Twitter status with text consectetuer congue ipsum purus sit adipiscing Microservices adipiscing congue sit purus
2025-06-08 00:50:23 [pool-1-thread-1] INFO  i.s.t.t.k.s.l.TwitterKafkaStatusListener - Twitter status with text amet malesuada porttitor sed Elasticsearch magna posuere elit
2025-06-08 00:50:33 [pool-1-thread-1] INFO  i.s.t.t.k.s.l.TwitterKafkaStatusListener - Twitter status with text pulvinar magna purus congue Elasticsearch purus purus posuere
2025-06-08 00:50:43 [pool-1-thread-1] INFO  i.s.t.t.k.s.l.TwitterKafkaStatusListener - Twitter status with text sed sed Fusce ultricies Elasticsearch sit massa
2025-06-08 00:50:53 [pool-1-thread-1] INFO  i.s.t.t.k.s.l.TwitterKafkaStatusListener - Twitter status with text massa magna amet Lorem libero Elasticsearch malesuada porttitor Lorem amet
2025-06-08 00:51:03 [pool-1-thread-1] INFO  i.s.t.t.k.s.l.TwitterKafkaStatusListener - Twitter status with text ipsum lectus magna purus Fusce ultricies ipsum elit Elasticsearch sit purus malesuada porttitor amet sit dolor
